<?xml version="1.0" encoding="UTF-8"?>
<!-- Generated by org.testng.reporters.JUnitReportReporter -->
<testsuite skipped="0" hostname="INNAs-MBP.fios-router.home" name="com.syntax.testcases.ExcelDemo" tests="1" failures="0" timestamp="14 Jun 2019 01:54:12 GMT" time="0.455" errors="0">
  <testcase name="readExcel" time="0.455" classname="com.syntax.testcases.ExcelDemo"/>
</testsuite> <!-- com.syntax.testcases.ExcelDemo -->
